Server running on port 55555
Connected to the database
Server running on port 55555
Connected to the database
Server running on port 55555
Connected to the database
Server running on port 55555
Connected to the database
Server running on port 55555
Connected to the database
Server running on port 55555
Connected to the database
Server running on port 55555
Connected to the database
Server running on port 55555
Connected to the database
Server running on port 55555
Server running on port 55555
Connected to the database
Connected to the database
Server running on port 55555
Server running on port 55555
Connected to the database
Connected to the database
Server running on port 55555
Server running on port 55555
Connected to the database
Connected to the database
Server running on port 55555
Server running on port 55555
Connected to the database
Connected to the database
Server running on port 55555
Server running on port 55555
Connected to the database
Connected to the database
Server running on port 55555
Server running on port 55555
Connected to the database
Connected to the database
Server running on port 55555
Server running on port 55555
Connected to the database
Connected to the database
Server running on port 55555
Server running on port 55555
Connected to the database
Connected to the database
Received request for /news
Attempting to fetch entries from Contentful
Received request for /blog
Received request for /blog
